<?xml version="1.0" encoding="UTF-8"?>
<testsuite name="test.java.ca.uvic.seng330.assn1.CompareTest" tests="4" skipped="0" failures="0" errors="0" timestamp="2018-09-26T22:28:44" hostname="Kabloona" time="0.011">
  <properties/>
  <testcase name="validatesOutputOfToString" classname="test.java.ca.uvic.seng330.assn1.CompareTest" time="0.007"/>
  <testcase name="testsComparableWhenEqual" classname="test.java.ca.uvic.seng330.assn1.CompareTest" time="0.0"/>
  <testcase name="testsComparableWhenGreater" classname="test.java.ca.uvic.seng330.assn1.CompareTest" time="0.0"/>
  <testcase name="testPlayerComparator" classname="test.java.ca.uvic.seng330.assn1.CompareTest" time="0.002"/>
  <system-out><![CDATA[Los Tequileros Mexicanos have 510 points
]]></system-out>
  <system-err><![CDATA[]]></system-err>
</testsuite>
